<?xml version="1.0" encoding="utf-8"?><testsuites name="pytest tests"><testsuite name="pytest" errors="0" failures="0" skipped="0" tests="8" time="2.095" timestamp="2026-04-07T22:33:42.662121+00:00" hostname="agent-env-ad92ad2e-1829-4460-9b95-3977adec5fab"><testcase classname="backend.tests.test_google_auth.TestGoogleOAuthBackend" name="test_me_with_valid_session_token" time="0.182" /><testcase classname="backend.tests.test_google_auth.TestGoogleOAuthBackend" name="test_me_with_invalid_session_token" time="0.110" /><testcase classname="backend.tests.test_google_auth.TestGoogleOAuthBackend" name="test_me_without_any_cookie" time="0.111" /><testcase classname="backend.tests.test_google_auth.TestGoogleOAuthBackend" name="test_google_session_endpoint_exists" time="0.231" /><testcase classname="backend.tests.test_google_auth.TestGoogleOAuthBackend" name="test_logout_clears_session_token" time="0.119" /><testcase classname="backend.tests.test_google_auth.TestEmailAuthStillWorks" name="test_login_admin" time="0.328" /><testcase classname="backend.tests.test_google_auth.TestEmailAuthStillWorks" name="test_me_with_jwt_cookie" time="0.388" /><testcase classname="backend.tests.test_google_auth.TestEmailAuthStillWorks" name="test_logout_clears_jwt" time="0.480" /></testsuite></testsuites>