<?xml version="1.0" encoding="utf-8"?><testsuites name="pytest tests"><testsuite name="pytest" errors="0" failures="0" skipped="0" tests="15" time="2.364" timestamp="2026-04-07T22:50:15.781805+00:00" hostname="agent-env-ad92ad2e-1829-4460-9b95-3977adec5fab"><testcase classname="backend.tests.test_new_features" name="test_get_communities" time="0.447" /><testcase classname="backend.tests.test_new_features" name="test_community_has_joined_field" time="0.049" /><testcase classname="backend.tests.test_new_features" name="test_get_community_details" time="0.109" /><testcase classname="backend.tests.test_new_features" name="test_mumbai_community_ideas" time="0.103" /><testcase classname="backend.tests.test_new_features" name="test_join_community" time="0.162" /><testcase classname="backend.tests.test_new_features" name="test_leave_community" time="0.152" /><testcase classname="backend.tests.test_new_features" name="test_global_feed_excludes_community_ideas" time="0.055" /><testcase classname="backend.tests.test_new_features" name="test_get_following_unauthenticated" time="0.174" /><testcase classname="backend.tests.test_new_features" name="test_get_following_empty" time="0.047" /><testcase classname="backend.tests.test_new_features" name="test_following_feed_empty" time="0.057" /><testcase classname="backend.tests.test_new_features" name="test_cannot_follow_self" time="0.106" /><testcase classname="backend.tests.test_new_features" name="test_follow_unfollow_user" time="0.509" /><testcase classname="backend.tests.test_new_features" name="test_image_upload_requires_auth" time="0.109" /><testcase classname="backend.tests.test_new_features" name="test_image_upload_success" time="0.108" /><testcase classname="backend.tests.test_new_features" name="test_image_upload_invalid_type" time="0.107" /></testsuite></testsuites>