<?xml version="1.0" encoding="utf-8"?><testsuites name="pytest tests"><testsuite name="pytest" errors="0" failures="0" skipped="0" tests="16" time="2.954" timestamp="2026-04-07T21:59:22.926095+00:00" hostname="agent-env-ad92ad2e-1829-4460-9b95-3977adec5fab"><testcase classname="backend.tests.test_boredideas.TestHealth" name="test_health" time="0.202" /><testcase classname="backend.tests.test_boredideas.TestAuth" name="test_register_duplicate" time="0.057" /><testcase classname="backend.tests.test_boredideas.TestAuth" name="test_login_success" time="0.273" /><testcase classname="backend.tests.test_boredideas.TestAuth" name="test_login_wrong_password" time="0.270" /><testcase classname="backend.tests.test_boredideas.TestAuth" name="test_me_authenticated" time="0.329" /><testcase classname="backend.tests.test_boredideas.TestAuth" name="test_me_unauthenticated" time="0.161" /><testcase classname="backend.tests.test_boredideas.TestIdeas" name="test_get_ideas_public" time="0.058" /><testcase classname="backend.tests.test_boredideas.TestIdeas" name="test_get_ideas_filter_category" time="0.054" /><testcase classname="backend.tests.test_boredideas.TestIdeas" name="test_get_ideas_filter_time" time="0.048" /><testcase classname="backend.tests.test_boredideas.TestIdeas" name="test_get_ideas_sort_newest" time="0.054" /><testcase classname="backend.tests.test_boredideas.TestIdeas" name="test_create_idea_unauthenticated" time="0.110" /><testcase classname="backend.tests.test_boredideas.TestIdeas" name="test_create_and_delete_idea" time="0.305" /><testcase classname="backend.tests.test_boredideas.TestIdeas" name="test_vote_on_idea" time="0.174" /><testcase classname="backend.tests.test_boredideas.TestIdeas" name="test_my_ideas" time="0.060" /><testcase classname="backend.tests.test_boredideas.TestIdeas" name="test_delete_other_user_idea_forbidden" time="0.560" /><testcase classname="backend.tests.test_boredideas.TestIdeas" name="test_invalid_vote_type" time="0.100" /></testsuite></testsuites>